mode: atomic
github.com/tommoulard/zap-slog/slog.go:16.47,17.54 1 1
github.com/tommoulard/zap-slog/slog.go:17.54,19.3 1 1
github.com/tommoulard/zap-slog/slog.go:28.57,30.72 2 2
github.com/tommoulard/zap-slog/slog.go:30.72,35.3 2 0
github.com/tommoulard/zap-slog/slog.go:37.2,37.58 1 2
github.com/tommoulard/zap-slog/slog.go:40.49,41.20 1 0
github.com/tommoulard/zap-slog/slog.go:42.26,43.46 1 0
github.com/tommoulard/zap-slog/slog.go:44.25,45.46 1 0
github.com/tommoulard/zap-slog/slog.go:46.25,47.49 1 0
github.com/tommoulard/zap-slog/slog.go:48.26,49.55 1 0
github.com/tommoulard/zap-slog/slog.go:50.27,51.78 1 0
github.com/tommoulard/zap-slog/slog.go:52.24,53.50 1 0
github.com/tommoulard/zap-slog/slog.go:54.24,55.29 1 0
github.com/tommoulard/zap-slog/slog.go:55.29,57.10 2 0
github.com/tommoulard/zap-slog/slog.go:57.10,59.5 1 0
github.com/tommoulard/zap-slog/slog.go:62.3,62.59 1 0
github.com/tommoulard/zap-slog/slog.go:63.28,64.64 1 0
github.com/tommoulard/zap-slog/slog.go:65.10,66.46 1 0
github.com/tommoulard/zap-slog/slog.go:70.55,72.31 2 1
github.com/tommoulard/zap-slog/slog.go:72.31,74.3 1 0
github.com/tommoulard/zap-slog/slog.go:76.2,76.14 1 1
github.com/tommoulard/zap-slog/slog.go:79.65,83.2 2 0
github.com/tommoulard/zap-slog/slog.go:85.98,86.28 1 1
github.com/tommoulard/zap-slog/slog.go:86.28,88.3 1 1
github.com/tommoulard/zap-slog/slog.go:90.2,90.11 1 0
github.com/tommoulard/zap-slog/slog.go:93.80,101.21 6 1
github.com/tommoulard/zap-slog/slog.go:102.26,103.26 1 0
github.com/tommoulard/zap-slog/slog.go:104.25,105.25 1 1
github.com/tommoulard/zap-slog/slog.go:106.25,107.25 1 0
github.com/tommoulard/zap-slog/slog.go:108.87,109.26 1 0
github.com/tommoulard/zap-slog/slog.go:110.10,111.71 1 0
github.com/tommoulard/zap-slog/slog.go:115.2,118.16 3 1
github.com/tommoulard/zap-slog/slog.go:118.16,120.3 1 0
github.com/tommoulard/zap-slog/slog.go:122.2,122.12 1 1
github.com/tommoulard/zap-slog/slog.go:125.36,127.2 1 1
